Start testing: Jul 15 20:42 Œrodkowoeuropejski czas letni
----------------------------------------------------------
Unable to find executable: D:/WarGame/build/test/Debug/tests.exe
1/1 Testing: tests
1/1 Test: tests
Command: ""
Directory: D:/WarGame/build/test
"tests" start time: 
Output:
----------------------------------------------------------
<end of output>
Test time =   0.00 sec
----------------------------------------------------------
Test Passed.
"tests" end time: Jul 15 20:42 Œrodkowoeuropejski czas letni
"tests" time elapsed: 00:00:00
----------------------------------------------------------

End testing: Jul 15 20:42 Œrodkowoeuropejski czas letni
