<?xml version="1.0" encoding="UTF-8"?>
<Site BuildName="(empty)"
	BuildStamp="20230709-1410-Experimental"
	Name="(empty)"
	Generator="ctest-3.25.1"
	CompilerName=""
	CompilerVersion=""
	OSName="Windows"
	Hostname="DESKTOP-PT4LOSS"
	OSRelease=" Personal"
	OSVersion=" (Build 19045)"
	OSPlatform="AMD64"
	Is64Bits="1"
	VendorString="GenuineIntel"
	VendorID="Intel Corporation"
	FamilyID="6"
	ModelID="14"
	ProcessorCacheSize="-1"
	NumberOfLogicalCPU="12"
	NumberOfPhysicalCPU="6"
	TotalVirtualMemory="37565"
	TotalPhysicalMemory="32701"
	LogicalProcessorsPerPhysical="2"
	ProcessorClockFrequency="3696"
	>
	<Testing>
		<StartDateTime>Jul 09 19:58 [NON-UTF-8-BYTE-0x8C]rodkowoeuropejski czas letni</StartDateTime>
		<StartTestTime>1688925496</StartTestTime>
		<TestList/>
		<EndDateTime>Jul 09 19:58 [NON-UTF-8-BYTE-0x8C]rodkowoeuropejski czas letni</EndDateTime>
		<EndTestTime>1688925496</EndTestTime>
		<ElapsedMinutes>0</ElapsedMinutes>
	</Testing>
</Site>
